
	            G L O B A L   R E F E R E N C E S

	             Name               Value        Type
	==============================|=======|===============
	SP_INICIAL                       FDFF         CONSTANT
	INT_MASK_ADDR                    FFFA         CONSTANT
	INT_MASK                         C01F         CONSTANT
	INT_MASK_START                   4000         CONSTANT
	INT_MASK_REST                    7FFF         CONSTANT
	MASCARA                          8016         CONSTANT
	DISPLAY_1                        FFF0         CONSTANT
	DISPLAY_2                        FFF1         CONSTANT
	DISPLAY_3                        FFF2         CONSTANT
	DISPLAY_4                        FFF3         CONSTANT
	LCD_CONTROL                      FFF4         CONSTANT
	LCD_WRITE                        FFF5         CONSTANT
	INTERV_TEMP                      FFF6         CONSTANT
	CONTROL_TEMP                     FFF7         CONSTANT
	LEDS                             FFF8         CONSTANT
	SWITCHES                         FFF9         CONSTANT
	JANELA_CTRL                      FFFC         CONSTANT
	JANELA_WRITE                     FFFE         CONSTANT
	CR                               000A         CONSTANT
	FIM_TEXTO                        0040         CONSTANT
	Texto1                           8000           STRING
	Texto2                           800B           STRING
	Texto3                           801C           STRING
	Texto4                           8028           STRING
	NumAleat                         802F         VARIABLE
	Pont1                            8030         VARIABLE
	Pont2                            8031         VARIABLE
	Pont3                            8032         VARIABLE
	Pont4                            8033         VARIABLE
	FlagStart                        8034         VARIABLE
	FlagEndState                     8035         VARIABLE
	FlagBaixo                        8036         VARIABLE
	FlagCima                         8037         VARIABLE
	FlagDir                          8038         VARIABLE
	FlagEsq                          8039         VARIABLE
	NumTiros                         803A         VARIABLE
	FlagNovoTiro                     803B         VARIABLE
	FlagActTiros                     803C         VARIABLE
	TirosList                        803D            TABLE
	NumAst                           8231         VARIABLE
	NumBur                           8232         VARIABLE
	TipoObst                         8233         VARIABLE
	FlagNovoObst                     8234         VARIABLE
	FlagActObst                      8235         VARIABLE
	AstList                          8236            TABLE
	BurList                          8245            TABLE
	INT0                             FE00         VARIABLE
	INT1                             FE01         VARIABLE
	INT2                             FE02         VARIABLE
	INT3                             FE03         VARIABLE
	INT4                             FE04         VARIABLE
	INT5                             FE05         VARIABLE
	INT6                             FE06         VARIABLE
	INT7                             FE07         VARIABLE
	INT8                             FE08         VARIABLE
	INT9                             FE09         VARIABLE
	INT10                            FE0A         VARIABLE
	INT11                            FE0B         VARIABLE
	INT12                            FE0C         VARIABLE
	INT13                            FE0D         VARIABLE
	INT14                            FE0E         VARIABLE
	INT15                            FE0F         VARIABLE
	BaixoINT                         0002            LABEL
	BSkip                            0009            LABEL
	CimaINT                          000A            LABEL
	CSkip                            0011            LABEL
	DireitaINT                       0012            LABEL
	DSkip                            0019            LABEL
	EsquerdaINT                      001A            LABEL
	ESkip                            0021            LABEL
	NovoTiroINT                      0022            LABEL
	NSkip                            0029            LABEL
	StartINT                         002A            LABEL
	TempINT                          002D            LABEL
	TempSkip                         0032            LABEL
	LigaLEDs                         003D            LABEL
	DesligaLEDs                      0044            LABEL
	INCPontuacao                     0047            LABEL
	INCPontSkip                      0061            LABEL
	LimpaDisplay                     0073            LABEL
	LimpaJanela                      007C            LABEL
	LimpJanCiclo                     007E            LABEL
	LimpJanSkip                      0086            LABEL
	LimpaLinha                       0087            LABEL
	LimpLinCicl                      008B            LABEL
	LinhaLimpa                       0095            LABEL
	EscString                        0097            LABEL
	FimEsc                           00A2            LABEL
	Intro                            00A3            LABEL
	IntroCiclo                       00E9            LABEL
	InitTerreno                      00F8            LABEL
	Linha1                           00FC            LABEL
	Linha2                           0106            LABEL
	InitNave                         010D            LABEL
	DesenhaNave                      0116            LABEL
	ApagaNave                        0131            LABEL
	FimJogo                          0146            LABEL
	FJCiclPts                        0157            LABEL
	FimJogoSkip                      0164            LABEL
	FimJogoCicl                      016F            LABEL
	RestartGame                      0175            LABEL
	Baixo                            0179            LABEL
	BaixoACiclo                      018C            LABEL
	BACSkip                          0197            LABEL
	BaixoBCiclo                      019B            LABEL
	BBCSkip                          01A6            LABEL
	BaixoSkip                        01A8            LABEL
	Cima                             01AC            LABEL
	CimaACiclo                       01BF            LABEL
	CACSkip                          01CA            LABEL
	CimaBCiclo                       01CE            LABEL
	CBCSkip                          01D9            LABEL
	CimaSkip                         01DB            LABEL
	Direita                          01DF            LABEL
	DirACiclo                        01EF            LABEL
	DACSkip                          01FD            LABEL
	DirBCiclo                        0201            LABEL
	DBCSkip                          020F            LABEL
	DirSkip                          0211            LABEL
	Esquerda                         0215            LABEL
	EsqACiclo                        0226            LABEL
	EACSkip                          0234            LABEL
	EsqBCiclo                        0238            LABEL
	EBCSkip                          0246            LABEL
	EsqSkip                          0249            LABEL
	RemTiro                          024D            LABEL
	ActTiro                          0262            LABEL
	MovTiro                          0273            LABEL
	ATiroCiclAst                     0279            LABEL
	ATNaoColAst                      0287            LABEL
	ATirSkipAst                      028A            LABEL
	ATiroCiclBur                     028E            LABEL
	ATNaoColBur                      0296            LABEL
	ATirSkipBur                      0299            LABEL
	ATFim                            029F            LABEL
	ActTiros                         02A1            LABEL
	ActTirosCiclo                    02A6            LABEL
	ActTirosSkip                     02AE            LABEL
	NovoTiro                         02B2            LABEL
	PosAleat                         02C6            LABEL
	PosAleatSkip                     02CF            LABEL
	RemAst                           02DA            LABEL
	ActAst                           02EF            LABEL
	MovAst                           02FF            LABEL
	ActAstCiclo                      030E            LABEL
	AANaoCol                         031C            LABEL
	ActAstSkip                       031F            LABEL
	AAFim                            0325            LABEL
	ActAsts                          0327            LABEL
	ActAstsCiclo                     032B            LABEL
	ActAstsSkip                      0333            LABEL
	NovoAst                          0334            LABEL
	RemBur                           0346            LABEL
	ActBur                           0359            LABEL
	MovBur                           0369            LABEL
	ActBurCiclo                      0378            LABEL
	ABNaoCol                         0380            LABEL
	ActBurSkip                       0383            LABEL
	ABFim                            0389            LABEL
	ActBurs                          038B            LABEL
	ActBursCiclo                     038F            LABEL
	ActBursSkip                      0397            LABEL
	NovoBur                          0398            LABEL
	ActObst                          03AC            LABEL
	BuracNegr                        03B6            LABEL
	AOSkip                           03B8            LABEL
	NaoCriaObst                      03BC            LABEL
	Inicio                           03C8            LABEL
	Ciclo                            03E4            LABEL
